<?xml version="1.0" encoding="UTF-8"?>
<!-- Generated by org.testng.reporters.JUnitXMLReporter -->
<testsuite ignored="0" hostname="ASUS-i3250" failures="0" tests="3" name="Default test" time="42.205" errors="0" timestamp="2023-11-13T21:21:22 EET">
  <testcase classname="almosafer.TLogin" name="Randomlyselect" time="0.333"/>
  <testcase classname="almosafer.TLogin" name="Randomlyselect" time="0.105"/>
  <testcase classname="almosafer.TLogin" name="Randomlyselect" time="0.101"/>
</testsuite> <!-- Default test -->
